#
# There is insufficient memory for the Java Runtime Environment to continue.
# Native memory allocation (malloc) failed to allocate 1475072 bytes for Chunk::new
# Possible reasons:
#   The system is out of physical RAM or swap space
#   The process is running with CompressedOops enabled, and the Java Heap may be blocking the growth of the native heap
# Possible solutions:
#   Reduce memory load on the system
#   Increase physical memory or swap space
#   Check if swap backing store is full
#   Decrease Java heap size (-Xmx/-Xms)
#   Decrease number of Java threads
#   Decrease Java thread stack sizes (-Xss)
#   Set larger code cache with -XX:ReservedCodeCacheSize=
#   JVM is running with Unscaled Compressed Oops mode in which the Java heap is
#     placed in the first 4GB address space. The Java Heap base address is the
#     maximum limit for the native heap growth. Please use -XX:HeapBaseMinAddress
#     to set the Java Heap base and to place the Java Heap above 4GB virtual address.
# This output file may be truncated or incomplete.
#
#  Out of Memory Error (arena.cpp:184), pid=12052, tid=18188
#
# JRE version: Java(TM) SE Runtime Environment (20.0.1+9) (build 20.0.1+9-29)
# Java VM: Java HotSpot(TM) 64-Bit Server VM (20.0.1+9-29, mixed mode, sharing, tiered, compressed oops, compressed class ptrs, g1 gc, windows-amd64)
# No core dump will be written. Minidumps are not enabled by default on client versions of Windows
#

---------------  S U M M A R Y ------------

Command Line: -javaagent:C:\Program Files\JetBrains\IntelliJ IDEA Community Edition 2023.1.3\lib\idea_rt.jar=56438:C:\Program Files\JetBrains\IntelliJ IDEA Community Edition 2023.1.3\bin -Dfile.encoding=UTF-8 -Dsun.stdout.encoding=UTF-8 -Dsun.stderr.encoding=UTF-8 com.example.emloyeems.EmloyeemsApplication

Host: Intel(R) Core(TM) i3-8130U CPU @ 2.20GHz, 4 cores, 5G,  Windows 10 , 64 bit Build 19041 (10.0.19041.3636)
Time: Mon Mar 11 22:39:51 2024 Sri Lanka Standard Time elapsed time: 116.297900 seconds (0d 0h 1m 56s)

---------------  T H R E A D  ---------------

Current thread (0x00000157e40c2b50):  JavaThread "C2 CompilerThread0" daemon [_thread_in_native, id=18188, stack(0x0000003f09f00000,0x0000003f0a000000)]


Current CompileTask:
C2: 116297 10634   !   4       jakarta.servlet.http.HttpServlet::service (40 bytes)

Stack: [0x0000003f09f00000,0x0000003f0a000000]
Native frames: (J=compiled Java code, j=interpreted, Vv=VM code, C=native code)
V  [jvm.dll+0x6bb95a]
V  [jvm.dll+0x8485fa]
V  [jvm.dll+0x84a1f5]
V  [jvm.dll+0x84a8f3]
V  [jvm.dll+0x280b0f]
V  [jvm.dll+0xc2b11]
V  [jvm.dll+0xc2e35]
V  [jvm.dll+0x3bb17c]
V  [jvm.dll+0x1e6e39]
V  [jvm.dll+0x24b3ab]
V  [jvm.dll+0x24a651]
V  [jvm.dll+0x1ce491]
V  [jvm.dll+0x259e1b]
V  [jvm.dll+0x2584f0]
V  [jvm.dll+0x3f2895]
V  [jvm.dll+0x7f4b56]
V  [jvm.dll+0x6ba5cb]
C  [ucrtbase.dll+0x21bb2]
C  [KERNEL32.DLL+0x17344]
C  [ntdll.dll+0x526b1]


---------------  P R O C E S S  ---------------

Threads class SMR info:
_java_thread_list=0x00000157ec693460, length=29, elements={
0x00000157e40b87d0, 0x00000157e40b95d0, 0x00000157e40bc060, 0x00000157e40bfd20,
0x00000157e40c0e00, 0x00000157e40c1740, 0x00000157e40c2b50, 0x00000157e40c89e0,
0x00000157e407f820, 0x00000157e8687f70, 0x00000157e88ec200, 0x00000157e8cb6e80,
0x00000157e8c857c0, 0x00000157e8cc9690, 0x00000157e8cc7c00, 0x00000157e8cc86a0,
0x00000157e8cc8bf0, 0x00000157e8ccb120, 0x00000157e8cca130, 0x00000157e8cc8150,
0x00000157e8cc9140, 0x00000157e8cca680, 0x00000157e8ccabd0, 0x00000157ec422af0,
0x00000157ec425570, 0x00000157ec4215b0, 0x00000157ec426ab0, 0x00000157ec425020,
0x00000157ec420070
}

Java Threads: ( => current thread )
  0x00000157e40b87d0 JavaThread "Reference Handler" daemon [_thread_blocked, id=16276, stack(0x0000003f09900000,0x0000003f09a00000)]
  0x00000157e40b95d0 JavaThread "Finalizer" daemon [_thread_blocked, id=16852, stack(0x0000003f09a00000,0x0000003f09b00000)]
  0x00000157e40bc060 JavaThread "Signal Dispatcher" daemon [_thread_blocked, id=17288, stack(0x0000003f09b00000,0x0000003f09c00000)]
  0x00000157e40bfd20 JavaThread "Attach Listener" daemon [_thread_blocked, id=4620, stack(0x0000003f09c00000,0x0000003f09d00000)]
  0x00000157e40c0e00 JavaThread "Service Thread" daemon [_thread_blocked, id=17876, stack(0x0000003f09d00000,0x0000003f09e00000)]
  0x00000157e40c1740 JavaThread "Monitor Deflation Thread" daemon [_thread_blocked, id=2244, stack(0x0000003f09e00000,0x0000003f09f00000)]
=>0x00000157e40c2b50 JavaThread "C2 CompilerThread0" daemon [_thread_in_native, id=18188, stack(0x0000003f09f00000,0x0000003f0a000000)]
  0x00000157e40c89e0 JavaThread "C1 CompilerThread0" daemon [_thread_blocked, id=10988, stack(0x0000003f0a000000,0x0000003f0a100000)]
  0x00000157e407f820 JavaThread "Common-Cleaner" daemon [_thread_blocked, id=17880, stack(0x0000003f0a100000,0x0000003f0a200000)]
  0x00000157e8687f70 JavaThread "Monitor Ctrl-Break" daemon [_thread_in_native, id=7616, stack(0x0000003f0a200000,0x0000003f0a300000)]
  0x00000157e88ec200 JavaThread "Notification Thread" daemon [_thread_blocked, id=18040, stack(0x0000003f0a300000,0x0000003f0a400000)]
  0x00000157e8cb6e80 JavaThread "Catalina-utility-1" [_thread_blocked, id=17312, stack(0x0000003f0a800000,0x0000003f0a900000)]
  0x00000157e8c857c0 JavaThread "Catalina-utility-2" [_thread_blocked, id=8320, stack(0x0000003f0a900000,0x0000003f0aa00000)]
  0x00000157e8cc9690 JavaThread "container-0" [_thread_blocked, id=11400, stack(0x0000003f0aa00000,0x0000003f0ab00000)]
  0x00000157e8cc7c00 JavaThread "mysql-cj-abandoned-connection-cleanup" daemon [_thread_blocked, id=7552, stack(0x0000003f0ab00000,0x0000003f0ac00000)]
  0x00000157e8cc86a0 JavaThread "HikariPool-1 housekeeper" daemon [_thread_blocked, id=9800, stack(0x0000003f0ad00000,0x0000003f0ae00000)]
  0x00000157e8cc8bf0 JavaThread "http-nio-8080-exec-1" daemon [_thread_blocked, id=17744, stack(0x0000003f0af00000,0x0000003f0b000000)]
  0x00000157e8ccb120 JavaThread "http-nio-8080-exec-2" daemon [_thread_blocked, id=7064, stack(0x0000003f0b000000,0x0000003f0b100000)]
  0x00000157e8cca130 JavaThread "http-nio-8080-exec-3" daemon [_thread_blocked, id=2248, stack(0x0000003f0b100000,0x0000003f0b200000)]
  0x00000157e8cc8150 JavaThread "http-nio-8080-exec-4" daemon [_thread_blocked, id=10264, stack(0x0000003f0b200000,0x0000003f0b300000)]
  0x00000157e8cc9140 JavaThread "http-nio-8080-exec-5" daemon [_thread_blocked, id=10912, stack(0x0000003f0b300000,0x0000003f0b400000)]
  0x00000157e8cca680 JavaThread "http-nio-8080-exec-6" daemon [_thread_blocked, id=7800, stack(0x0000003f0b400000,0x0000003f0b500000)]
  0x00000157e8ccabd0 JavaThread "http-nio-8080-exec-7" daemon [_thread_blocked, id=15576, stack(0x0000003f0b500000,0x0000003f0b600000)]
  0x00000157ec422af0 JavaThread "http-nio-8080-exec-8" daemon [_thread_blocked, id=10024, stack(0x0000003f0b600000,0x0000003f0b700000)]
  0x00000157ec425570 JavaThread "http-nio-8080-exec-9" daemon [_thread_blocked, id=15016, stack(0x0000003f0b700000,0x0000003f0b800000)]
  0x00000157ec4215b0 JavaThread "http-nio-8080-exec-10" daemon [_thread_blocked, id=10496, stack(0x0000003f0b800000,0x0000003f0b900000)]
  0x00000157ec426ab0 JavaThread "http-nio-8080-Poller" daemon [_thread_in_native, id=1916, stack(0x0000003f0b900000,0x0000003f0ba00000)]
  0x00000157ec425020 JavaThread "http-nio-8080-Acceptor" daemon [_thread_in_native, id=10296, stack(0x0000003f0ba00000,0x0000003f0bb00000)]
  0x00000157ec420070 JavaThread "DestroyJavaVM" [_thread_blocked, id=836, stack(0x0000003f09200000,0x0000003f09300000)]

Other Threads:
  0x00000157e40929d0 VMThread "VM Thread" [stack: 0x0000003f09800000,0x0000003f09900000] [id=14568]
  0x00000157e88ed370 WatcherThread "VM Periodic Task Thread" [stack: 0x0000003f0a400000,0x0000003f0a500000] [id=2936]
  0x00000157c8b21370 WorkerThread "GC Thread#0" [stack: 0x0000003f09300000,0x0000003f09400000] [id=11872]
  0x00000157e8f072e0 WorkerThread "GC Thread#1" [stack: 0x0000003f0a500000,0x0000003f0a600000] [id=7804]
  0x00000157e8a08e00 WorkerThread "GC Thread#2" [stack: 0x0000003f0a600000,0x0000003f0a700000] [id=18880]
  0x00000157e8a612f0 WorkerThread "GC Thread#3" [stack: 0x0000003f0a700000,0x0000003f0a800000] [id=8044]
  0x00000157c8b2bfb0 ConcurrentGCThread "G1 Main Marker" [stack: 0x0000003f09400000,0x0000003f09500000] [id=18352]
  0x00000157c8b2c9e0 WorkerThread "G1 Conc#0" [stack: 0x0000003f09500000,0x0000003f09600000] [id=9728]
  0x00000157c8b82710 ConcurrentGCThread "G1 Refine#0" [stack: 0x0000003f09600000,0x0000003f09700000] [id=14844]
  0x00000157c8b831b0 ConcurrentGCThread "G1 Service" [stack: 0x0000003f09700000,0x0000003f09800000] [id=6632]

Threads with active compile tasks:
C2 CompilerThread0   116350 10634   !   4       jakarta.servlet.http.HttpServlet::service (40 bytes)

VM state: not at safepoint (normal execution)

VM Mutex/Monitor currently owned by a thread: None

Heap address: 0x00000000a1e00000, size: 1506 MB, Compressed Oops mode: 32-bit

CDS archive(s) mapped at: [0x0000000800000000-0x0000000800c60000-0x0000000800c60000), size 12976128, SharedBaseAddress: 0x0000000800000000, ArchiveRelocationMode: 0.
Compressed class space mapped at: 0x0000000801000000-0x0000000841000000, reserved size: 1073741824
Narrow klass base: 0x0000000800000000, Narrow klass shift: 0, Narrow klass range: 0x100000000

GC Precious Log:
 CardTable entry size: 512
 Card Set container configuration: InlinePtr #cards 5 size 8 Array Of Cards #cards 12 size 40 Howl #buckets 4 coarsen threshold 1843 Howl Bitmap #cards 512 size 80 coarsen threshold 460 Card regions per heap region 1 cards per card region 2048
 CPUs: 4 total, 4 available
 Memory: 6021M
 Large Page Support: Disabled
 NUMA Support: Disabled
 Compressed Oops: Enabled (32-bit)
 Heap Region Size: 1M
 Heap Min Capacity: 8M
 Heap Initial Capacity: 96M
 Heap Max Capacity: 1506M
 Pre-touch: Disabled
 Parallel Workers: 4
 Concurrent Workers: 1
 Concurrent Refinement Workers: 4
 Periodic GC: Disabled

Heap:
 garbage-first heap   total 61440K, used 38432K [0x00000000a1e00000, 0x0000000100000000)
  region size 1024K, 13 young (13312K), 1 survivors (1024K)
 Metaspace       used 68961K, committed 69568K, reserved 1114112K
  class space    used 8683K, committed 8960K, reserved 1048576K

Heap Regions: E=young(eden), S=young(survivor), O=old, HS=humongous(starts), HC=humongous(continues), CS=collection set, F=free, OA=open archive, CA=closed archive, TAMS=top-at-mark-start, PB=parsable bottom
|   0|0x00000000a1e00000, 0x00000000a1f00000, 0x00000000a1f00000|100%|HS|  |TAMS 0x00000000a1e00000| PB 0x00000000a1e00000| Complete 
|   1|0x00000000a1f00000, 0x00000000a2000000, 0x00000000a2000000|100%| O|  |TAMS 0x00000000a1f00000| PB 0x00000000a1f00000| Untracked 
|   2|0x00000000a2000000, 0x00000000a2100000, 0x00000000a2100000|100%| O|  |TAMS 0x00000000a2000000| PB 0x00000000a2000000| Untracked 
|   3|0x00000000a2100000, 0x00000000a2200000, 0x00000000a2200000|100%| O|  |TAMS 0x00000000a2100000| PB 0x00000000a2100000| Untracked 
|   4|0x00000000a2200000, 0x00000000a2300000, 0x00000000a2300000|100%| O|  |TAMS 0x00000000a2200000| PB 0x00000000a2200000| Untracked 
|   5|0x00000000a2300000, 0x00000000a2400000, 0x00000000a2400000|100%| O|  |TAMS 0x00000000a2300000| PB 0x00000000a2300000| Untracked 
|   6|0x00000000a2400000, 0x00000000a2500000, 0x00000000a2500000|100%| O|  |TAMS 0x00000000a2400000| PB 0x00000000a2400000| Untracked 
|   7|0x00000000a2500000, 0x00000000a2600000, 0x00000000a2600000|100%| O|  |TAMS 0x00000000a2500000| PB 0x00000000a2500000| Untracked 
|   8|0x00000000a2600000, 0x00000000a2700000, 0x00000000a2700000|100%| O|  |TAMS 0x00000000a2600000| PB 0x00000000a2600000| Untracked 
|   9|0x00000000a2700000, 0x00000000a2800000, 0x00000000a2800000|100%| O|  |TAMS 0x00000000a2700000| PB 0x00000000a2700000| Untracked 
|  10|0x00000000a2800000, 0x00000000a2900000, 0x00000000a2900000|100%| O|  |TAMS 0x00000000a2800000| PB 0x00000000a2800000| Untracked 
|  11|0x00000000a2900000, 0x00000000a2a00000, 0x00000000a2a00000|100%| O|  |TAMS 0x00000000a2900000| PB 0x00000000a2900000| Untracked 
|  12|0x00000000a2a00000, 0x00000000a2b00000, 0x00000000a2b00000|100%| O|  |TAMS 0x00000000a2a00000| PB 0x00000000a2a00000| Complete 
|  13|0x00000000a2b00000, 0x00000000a2c00000, 0x00000000a2c00000|100%| O|  |TAMS 0x00000000a2b00000| PB 0x00000000a2b00000| Untracked 
|  14|0x00000000a2c00000, 0x00000000a2d00000, 0x00000000a2d00000|100%| O|  |TAMS 0x00000000a2c00000| PB 0x00000000a2c00000| Untracked 
|  15|0x00000000a2d00000, 0x00000000a2d00000, 0x00000000a2e00000|  0%| F|  |TAMS 0x00000000a2d00000| PB 0x00000000a2d00000| Untracked 
|  16|0x00000000a2e00000, 0x00000000a2f00000, 0x00000000a2f00000|100%| O|  |TAMS 0x00000000a2e00000| PB 0x00000000a2e00000| Untracked 
|  17|0x00000000a2f00000, 0x00000000a3000000, 0x00000000a3000000|100%| O|  |TAMS 0x00000000a2f00000| PB 0x00000000a2f00000| Untracked 
|  18|0x00000000a3000000, 0x00000000a3100000, 0x00000000a3100000|100%| O|  |TAMS 0x00000000a3000000| PB 0x00000000a3000000| Untracked 
|  19|0x00000000a3100000, 0x00000000a3200000, 0x00000000a3200000|100%| O|  |TAMS 0x00000000a3100000| PB 0x00000000a3100000| Untracked 
|  20|0x00000000a3200000, 0x00000000a3300000, 0x00000000a3300000|100%| O|  |TAMS 0x00000000a3200000| PB 0x00000000a3200000| Untracked 
|  21|0x00000000a3300000, 0x00000000a3400000, 0x00000000a3400000|100%| O|  |TAMS 0x00000000a3300000| PB 0x00000000a3300000| Untracked 
|  22|0x00000000a3400000, 0x00000000a3500000, 0x00000000a3500000|100%| O|  |TAMS 0x00000000a3400000| PB 0x00000000a3400000| Untracked 
|  23|0x00000000a3500000, 0x00000000a35d1800, 0x00000000a3600000| 81%| O|  |TAMS 0x00000000a3500000| PB 0x00000000a3500000| Untracked 
|  24|0x00000000a3600000, 0x00000000a3700000, 0x00000000a3700000|100%| O|  |TAMS 0x00000000a3600000| PB 0x00000000a3600000| Untracked 
|  25|0x00000000a3700000, 0x00000000a3700000, 0x00000000a3800000|  0%| F|  |TAMS 0x00000000a3700000| PB 0x00000000a3700000| Untracked 
|  26|0x00000000a3800000, 0x00000000a3900000, 0x00000000a3900000|100%| O|  |TAMS 0x00000000a3800000| PB 0x00000000a3800000| Untracked 
|  27|0x00000000a3900000, 0x00000000a3a00000, 0x00000000a3a00000|100%| O|  |TAMS 0x00000000a3900000| PB 0x00000000a3900000| Untracked 
|  28|0x00000000a3a00000, 0x00000000a3a00000, 0x00000000a3b00000|  0%| F|  |TAMS 0x00000000a3a00000| PB 0x00000000a3a00000| Untracked 
|  29|0x00000000a3b00000, 0x00000000a3b00000, 0x00000000a3c00000|  0%| F|  |TAMS 0x00000000a3b00000| PB 0x00000000a3b00000| Untracked 
|  30|0x00000000a3c00000, 0x00000000a3cb69f0, 0x00000000a3d00000| 71%| S|CS|TAMS 0x00000000a3c00000| PB 0x00000000a3c00000| Complete 
|  31|0x00000000a3d00000, 0x00000000a3d00000, 0x00000000a3e00000|  0%| F|  |TAMS 0x00000000a3d00000| PB 0x00000000a3d00000| Untracked 
|  32|0x00000000a3e00000, 0x00000000a3e00000, 0x00000000a3f00000|  0%| F|  |TAMS 0x00000000a3e00000| PB 0x00000000a3e00000| Untracked 
|  33|0x00000000a3f00000, 0x00000000a3f00000, 0x00000000a4000000|  0%| F|  |TAMS 0x00000000a3f00000| PB 0x00000000a3f00000| Untracked 
|  34|0x00000000a4000000, 0x00000000a4000000, 0x00000000a4100000|  0%| F|  |TAMS 0x00000000a4000000| PB 0x00000000a4000000| Untracked 
|  35|0x00000000a4100000, 0x00000000a4100000, 0x00000000a4200000|  0%| F|  |TAMS 0x00000000a4100000| PB 0x00000000a4100000| Untracked 
|  36|0x00000000a4200000, 0x00000000a4200000, 0x00000000a4300000|  0%| F|  |TAMS 0x00000000a4200000| PB 0x00000000a4200000| Untracked 
|  37|0x00000000a4300000, 0x00000000a4300000, 0x00000000a4400000|  0%| F|  |TAMS 0x00000000a4300000| PB 0x00000000a4300000| Untracked 
|  38|0x00000000a4400000, 0x00000000a4400000, 0x00000000a4500000|  0%| F|  |TAMS 0x00000000a4400000| PB 0x00000000a4400000| Untracked 
|  39|0x00000000a4500000, 0x00000000a4500000, 0x00000000a4600000|  0%| F|  |TAMS 0x00000000a4500000| PB 0x00000000a4500000| Untracked 
|  40|0x00000000a4600000, 0x00000000a4600000, 0x00000000a4700000|  0%| F|  |TAMS 0x00000000a4600000| PB 0x00000000a4600000| Untracked 
|  41|0x00000000a4700000, 0x00000000a4700000, 0x00000000a4800000|  0%| F|  |TAMS 0x00000000a4700000| PB 0x00000000a4700000| Untracked 
|  42|0x00000000a4800000, 0x00000000a4800000, 0x00000000a4900000|  0%| F|  |TAMS 0x00000000a4800000| PB 0x00000000a4800000| Untracked 
|  43|0x00000000a4900000, 0x00000000a4900000, 0x00000000a4a00000|  0%| F|  |TAMS 0x00000000a4900000| PB 0x00000000a4900000| Untracked 
|  44|0x00000000a4a00000, 0x00000000a4a00000, 0x00000000a4b00000|  0%| F|  |TAMS 0x00000000a4a00000| PB 0x00000000a4a00000| Untracked 
|  45|0x00000000a4b00000, 0x00000000a4b00000, 0x00000000a4c00000|  0%| F|  |TAMS 0x00000000a4b00000| PB 0x00000000a4b00000| Untracked 
|  46|0x00000000a4c00000, 0x00000000a4c00000, 0x00000000a4d00000|  0%| F|  |TAMS 0x00000000a4c00000| PB 0x00000000a4c00000| Untracked 
|  47|0x00000000a4d00000, 0x00000000a4d00000, 0x00000000a4e00000|  0%| F|  |TAMS 0x00000000a4d00000| PB 0x00000000a4d00000| Untracked 
|  48|0x00000000a4e00000, 0x00000000a4edb728, 0x00000000a4f00000| 85%| E|  |TAMS 0x00000000a4e00000| PB 0x00000000a4e00000| Complete 
|  49|0x00000000a4f00000, 0x00000000a5000000, 0x00000000a5000000|100%| E|CS|TAMS 0x00000000a4f00000| PB 0x00000000a4f00000| Complete 
|  50|0x00000000a5000000, 0x00000000a5100000, 0x00000000a5100000|100%| E|CS|TAMS 0x00000000a5000000| PB 0x00000000a5000000| Complete 
|  51|0x00000000a5100000, 0x00000000a5200000, 0x00000000a5200000|100%| E|CS|TAMS 0x00000000a5100000| PB 0x00000000a5100000| Complete 
|  52|0x00000000a5200000, 0x00000000a5300000, 0x00000000a5300000|100%| E|CS|TAMS 0x00000000a5200000| PB 0x00000000a5200000| Complete 
|  53|0x00000000a5300000, 0x00000000a5400000, 0x00000000a5400000|100%| E|CS|TAMS 0x00000000a5300000| PB 0x00000000a5300000| Complete 
|  54|0x00000000a5400000, 0x00000000a5500000, 0x00000000a5500000|100%| E|CS|TAMS 0x00000000a5400000| PB 0x00000000a5400000| Complete 
|  55|0x00000000a5500000, 0x00000000a5600000, 0x00000000a5600000|100%| E|CS|TAMS 0x00000000a5500000| PB 0x00000000a5500000| Complete 
|  56|0x00000000a5600000, 0x00000000a5700000, 0x00000000a5700000|100%| E|CS|TAMS 0x00000000a5600000| PB 0x00000000a5600000| Complete 
|  57|0x00000000a5700000, 0x00000000a5800000, 0x00000000a5800000|100%| E|CS|TAMS 0x00000000a5700000| PB 0x00000000a5700000| Complete 
|  58|0x00000000a5800000, 0x00000000a5900000, 0x00000000a5900000|100%| E|CS|TAMS 0x00000000a5800000| PB 0x00000000a5800000| Complete 
|  95|0x00000000a7d00000, 0x00000000a7e00000, 0x00000000a7e00000|100%| E|CS|TAMS 0x00000000a7d00000| PB 0x00000000a7d00000| Complete 

Card table byte_map: [0x00000157dfe80000,0x00000157e0180000] _byte_map_base: 0x00000157df971000

Marking Bits: (CMBitMap*) 0x00000157c8b229b0
 Bits: [0x00000157e0480000, 0x00000157e1c08000)

Polling page: 0x00000157c8290000

Metaspace:

Usage:
  Non-class:     58.87 MB used.
      Class:      8.48 MB used.
       Both:     67.35 MB used.

Virtual space:
  Non-class space:       64.00 MB reserved,      59.19 MB ( 92%) committed,  1 nodes.
      Class space:        1.00 GB reserved,       8.75 MB ( <1%) committed,  1 nodes.
             Both:        1.06 GB reserved,      67.94 MB (  6%) committed. 

Chunk freelists:
   Non-Class:  480.00 KB
       Class:  3.26 MB
        Both:  3.73 MB

MaxMetaspaceSize: unlimited
CompressedClassSpaceSize: 1.00 GB
Initial GC threshold: 21.00 MB
Current GC threshold: 113.06 MB
CDS: on
MetaspaceReclaimPolicy: balanced
 - commit_granule_bytes: 65536.
 - commit_granule_words: 8192.
 - virtual_space_node_default_size: 8388608.
 - enlarge_chunks_in_place: 1.
 - new_chunks_are_fully_committed: 0.
 - uncommit_free_chunks: 1.
 - use_allocation_guard: 0.


Internal statistics:

num_allocs_failed_limit: 11.
num_arena_births: 918.
num_arena_deaths: 0.
num_vsnodes_births: 2.
num_vsnodes_deaths: 0.
num_space_committed: 1087.
num_space_uncommitted: 0.
num_chunks_returned_to_freelist: 11.
num_chunks_taken_from_freelist: 3339.
num_chunk_merges: 11.
num_chunk_splits: 2393.
num_chunks_enlarged: 1870.
num_inconsistent_stats: 0.

CodeHeap 'non-profiled nmethods': size=120000Kb used=6935Kb max_used=6960Kb free=113064Kb
 bounds [0x00000157d8650000, 0x00000157d8d20000, 0x00000157dfb80000]
CodeHeap 'profiled nmethods': size=120000Kb used=15803Kb max_used=20285Kb free=104196Kb
 bounds [0x00000157d0b80000, 0x00000157d1f60000, 0x00000157d80b0000]
CodeHeap 'non-nmethods': size=5760Kb used=1734Kb max_used=1813Kb free=4025Kb
 bounds [0x00000157d80b0000, 0x00000157d8320000, 0x00000157d8650000]
 total_blobs=9254 nmethods=8550 adapters=614
 compilation: enabled
              stopped_count=0, restarted_count=0
 full_count=0

Compilation events (20 events):
Event: 114.466 Thread 0x00000157e40c2b50 nmethod 10624 0x00000157d8d18410 code [0x00000157d8d185a0, 0x00000157d8d186f8]
Event: 114.466 Thread 0x00000157e40c2b50 10625       4       java.lang.String::decodeASCII (46 bytes)
Event: 114.469 Thread 0x00000157e40c2b50 nmethod 10625 0x00000157d8d18890 code [0x00000157d8d18a00, 0x00000157d8d18cd0]
Event: 114.478 Thread 0x00000157e40c2b50 10626       4       sun.nio.cs.UTF_8$Decoder::decodeArrayLoop (688 bytes)
Event: 114.514 Thread 0x00000157e40c2b50 nmethod 10626 0x00000157d8d18e10 code [0x00000157d8d190a0, 0x00000157d8d1a3d8]
Event: 114.951 Thread 0x00000157e40c2b50 10627   !   4       java.util.concurrent.locks.AbstractQueuedSynchronizer::tryInitializeHead (66 bytes)
Event: 114.958 Thread 0x00000157e40c2b50 nmethod 10627 0x00000157d8d1b290 code [0x00000157d8d1b400, 0x00000157d8d1b6f8]
Event: 114.960 Thread 0x00000157e40c2b50 10628   !   4       java.util.concurrent.locks.AbstractQueuedSynchronizer$ConditionObject::newConditionNode (78 bytes)
Event: 114.972 Thread 0x00000157e40c2b50 nmethod 10628 0x00000157d8d1b810 code [0x00000157d8d1b9c0, 0x00000157d8d1be78]
Event: 115.193 Thread 0x00000157e40c2b50 10629       4       sun.util.locale.LocaleUtils::isAlphaNumericString (33 bytes)
Event: 115.198 Thread 0x00000157e40c2b50 nmethod 10629 0x00000157d8c5b810 code [0x00000157d8c5b9a0, 0x00000157d8c5bb80]
Event: 115.309 Thread 0x00000157e40c2b50 10630   !   4       org.apache.tomcat.util.net.AbstractEndpoint::processSocket (149 bytes)
Event: 115.435 Thread 0x00000157e40c2b50 nmethod 10630 0x00000157d8c57b10 code [0x00000157d8c57e20, 0x00000157d8c5a2b0]
Event: 115.435 Thread 0x00000157e40c2b50 10631   !   4       java.io.PrintStream::println (44 bytes)
Event: 115.713 Thread 0x00000157e40c2b50 nmethod 10631 0x00000157d8c50090 code [0x00000157d8c50560, 0x00000157d8c54720]
Event: 115.714 Thread 0x00000157e40c2b50 10632       4       org.apache.coyote.Request::action (37 bytes)
Event: 115.717 Thread 0x00000157e40c2b50 nmethod 10632 0x00000157d8c4fc90 code [0x00000157d8c4fe20, 0x00000157d8c4ff50]
Event: 115.719 Thread 0x00000157e40c2b50 10633       4       org.hibernate.service.internal.SessionFactoryServiceRegistryImpl::getService (36 bytes)
Event: 115.732 Thread 0x00000157e40c2b50 nmethod 10633 0x00000157d8c4f310 code [0x00000157d8c4f4c0, 0x00000157d8c4f8d0]
Event: 115.783 Thread 0x00000157e40c2b50 10634   !   4       jakarta.servlet.http.HttpServlet::service (40 bytes)

GC Heap History (20 events):
Event: 75.810 GC heap before
{Heap before GC invocations=18 (full 0):
 garbage-first heap   total 61440K, used 54550K [0x00000000a1e00000, 0x0000000100000000)
  region size 1024K, 29 young (29696K), 3 survivors (3072K)
 Metaspace       used 68785K, committed 69440K, reserved 1114112K
  class space    used 8678K, committed 8960K, reserved 1048576K
}
Event: 75.820 GC heap after
{Heap after GC invocations=19 (full 0):
 garbage-first heap   total 61440K, used 28046K [0x00000000a1e00000, 0x0000000100000000)
  region size 1024K, 1 young (1024K), 1 survivors (1024K)
 Metaspace       used 68785K, committed 69440K, reserved 1114112K
  class space    used 8678K, committed 8960K, reserved 1048576K
}
Event: 79.694 GC heap before
{Heap before GC invocations=20 (full 0):
 garbage-first heap   total 61440K, used 56718K [0x00000000a1e00000, 0x0000000100000000)
  region size 1024K, 29 young (29696K), 1 survivors (1024K)
 Metaspace       used 68900K, committed 69568K, reserved 1114112K
  class space    used 8678K, committed 8960K, reserved 1048576K
}
Event: 79.698 GC heap after
{Heap after GC invocations=21 (full 0):
 garbage-first heap   total 61440K, used 27804K [0x00000000a1e00000, 0x0000000100000000)
  region size 1024K, 1 young (1024K), 1 survivors (1024K)
 Metaspace       used 68900K, committed 69568K, reserved 1114112K
  class space    used 8678K, committed 8960K, reserved 1048576K
}
Event: 83.451 GC heap before
{Heap before GC invocations=21 (full 0):
 garbage-first heap   total 61440K, used 56476K [0x00000000a1e00000, 0x0000000100000000)
  region size 1024K, 29 young (29696K), 1 survivors (1024K)
 Metaspace       used 68924K, committed 69568K, reserved 1114112K
  class space    used 8679K, committed 8960K, reserved 1048576K
}
Event: 83.457 GC heap after
{Heap after GC invocations=22 (full 0):
 garbage-first heap   total 61440K, used 27641K [0x00000000a1e00000, 0x0000000100000000)
  region size 1024K, 1 young (1024K), 1 survivors (1024K)
 Metaspace       used 68924K, committed 69568K, reserved 1114112K
  class space    used 8679K, committed 8960K, reserved 1048576K
}
Event: 86.246 GC heap before
{Heap before GC invocations=22 (full 0):
 garbage-first heap   total 61440K, used 56313K [0x00000000a1e00000, 0x0000000100000000)
  region size 1024K, 29 young (29696K), 1 survivors (1024K)
 Metaspace       used 68932K, committed 69568K, reserved 1114112K
  class space    used 8679K, committed 8960K, reserved 1048576K
}
Event: 86.249 GC heap after
{Heap after GC invocations=23 (full 0):
 garbage-first heap   total 61440K, used 27556K [0x00000000a1e00000, 0x0000000100000000)
  region size 1024K, 1 young (1024K), 1 survivors (1024K)
 Metaspace       used 68932K, committed 69568K, reserved 1114112K
  class space    used 8679K, committed 8960K, reserved 1048576K
}
Event: 93.824 GC heap before
{Heap before GC invocations=24 (full 0):
 garbage-first heap   total 61440K, used 56228K [0x00000000a1e00000, 0x0000000100000000)
  region size 1024K, 29 young (29696K), 1 survivors (1024K)
 Metaspace       used 68949K, committed 69568K, reserved 1114112K
  class space    used 8682K, committed 8960K, reserved 1048576K
}
Event: 93.827 GC heap after
{Heap after GC invocations=25 (full 0):
 garbage-first heap   total 61440K, used 27525K [0x00000000a1e00000, 0x0000000100000000)
  region size 1024K, 1 young (1024K), 1 survivors (1024K)
 Metaspace       used 68949K, committed 69568K, reserved 1114112K
  class space    used 8682K, committed 8960K, reserved 1048576K
}
Event: 100.799 GC heap before
{Heap before GC invocations=25 (full 0):
 garbage-first heap   total 61440K, used 56197K [0x00000000a1e00000, 0x0000000100000000)
  region size 1024K, 29 young (29696K), 1 survivors (1024K)
 Metaspace       used 68955K, committed 69568K, reserved 1114112K
  class space    used 8682K, committed 8960K, reserved 1048576K
}
Event: 100.805 GC heap after
{Heap after GC invocations=26 (full 0):
 garbage-first heap   total 61440K, used 27325K [0x00000000a1e00000, 0x0000000100000000)
  region size 1024K, 1 young (1024K), 1 survivors (1024K)
 Metaspace       used 68955K, committed 69568K, reserved 1114112K
  class space    used 8682K, committed 8960K, reserved 1048576K
}
Event: 104.237 GC heap before
{Heap before GC invocations=26 (full 0):
 garbage-first heap   total 61440K, used 57021K [0x00000000a1e00000, 0x0000000100000000)
  region size 1024K, 30 young (30720K), 1 survivors (1024K)
 Metaspace       used 68955K, committed 69568K, reserved 1114112K
  class space    used 8682K, committed 8960K, reserved 1048576K
}
Event: 104.243 GC heap after
{Heap after GC invocations=27 (full 0):
 garbage-first heap   total 61440K, used 27339K [0x00000000a1e00000, 0x0000000100000000)
  region size 1024K, 1 young (1024K), 1 survivors (1024K)
 Metaspace       used 68955K, committed 69568K, reserved 1114112K
  class space    used 8682K, committed 8960K, reserved 1048576K
}
Event: 107.410 GC heap before
{Heap before GC invocations=28 (full 0):
 garbage-first heap   total 61440K, used 57035K [0x00000000a1e00000, 0x0000000100000000)
  region size 1024K, 30 young (30720K), 1 survivors (1024K)
 Metaspace       used 68959K, committed 69568K, reserved 1114112K
  class space    used 8683K, committed 8960K, reserved 1048576K
}
Event: 107.413 GC heap after
{Heap after GC invocations=29 (full 0):
 garbage-first heap   total 61440K, used 27284K [0x00000000a1e00000, 0x0000000100000000)
  region size 1024K, 1 young (1024K), 1 survivors (1024K)
 Metaspace       used 68959K, committed 69568K, reserved 1114112K
  class space    used 8683K, committed 8960K, reserved 1048576K
}
Event: 111.460 GC heap before
{Heap before GC invocations=29 (full 0):
 garbage-first heap   total 61440K, used 56980K [0x00000000a1e00000, 0x0000000100000000)
  region size 1024K, 30 young (30720K), 1 survivors (1024K)
 Metaspace       used 68960K, committed 69568K, reserved 1114112K
  class space    used 8683K, committed 8960K, reserved 1048576K
}
Event: 111.465 GC heap after
{Heap after GC invocations=30 (full 0):
 garbage-first heap   total 61440K, used 27192K [0x00000000a1e00000, 0x0000000100000000)
  region size 1024K, 1 young (1024K), 1 survivors (1024K)
 Metaspace       used 68960K, committed 69568K, reserved 1114112K
  class space    used 8683K, committed 8960K, reserved 1048576K
}
Event: 114.922 GC heap before
{Heap before GC invocations=30 (full 0):
 garbage-first heap   total 61440K, used 56888K [0x00000000a1e00000, 0x0000000100000000)
  region size 1024K, 30 young (30720K), 1 survivors (1024K)
 Metaspace       used 68961K, committed 69568K, reserved 1114112K
  class space    used 8683K, committed 8960K, reserved 1048576K
}
Event: 114.927 GC heap after
{Heap after GC invocations=31 (full 0):
 garbage-first heap   total 61440K, used 27168K [0x00000000a1e00000, 0x0000000100000000)
  region size 1024K, 1 young (1024K), 1 survivors (1024K)
 Metaspace       used 68961K, committed 69568K, reserved 1114112K
  class space    used 8683K, committed 8960K, reserved 1048576K
}

Dll operation events (14 events):
Event: 0.014 Loaded shared library C:\Program Files (x86)\Java\jdk-20.0.1\bin\java.dll
Event: 0.030 Loaded shared library C:\Program Files (x86)\Java\jdk-20.0.1\bin\jsvml.dll
Event: 0.196 Loaded shared library C:\Program Files (x86)\Java\jdk-20.0.1\bin\zip.dll
Event: 0.203 Loaded shared library C:\Program Files (x86)\Java\jdk-20.0.1\bin\instrument.dll
Event: 0.214 Loaded shared library C:\Program Files (x86)\Java\jdk-20.0.1\bin\net.dll
Event: 0.219 Loaded shared library C:\Program Files (x86)\Java\jdk-20.0.1\bin\nio.dll
Event: 0.238 Loaded shared library C:\Program Files (x86)\Java\jdk-20.0.1\bin\zip.dll
Event: 0.579 Loaded shared library C:\Program Files\JetBrains\IntelliJ IDEA Community Edition 2023.1.3\bin\breakgen64.dll
Event: 0.597 Loaded shared library C:\Program Files (x86)\Java\jdk-20.0.1\bin\extnet.dll
Event: 0.657 Loaded shared library C:\Program Files (x86)\Java\jdk-20.0.1\bin\jimage.dll
Event: 6.925 Loaded shared library C:\Program Files (x86)\Java\jdk-20.0.1\bin\sunmscapi.dll
Event: 6.949 Loaded shared library C:\Program Files (x86)\Java\jdk-20.0.1\bin\management.dll
Event: 6.952 Loaded shared library C:\Program Files (x86)\Java\jdk-20.0.1\bin\management_ext.dll
Event: 7.983 Loaded shared library C:\Program Files (x86)\Java\jdk-20.0.1\bin\verify.dll

Deoptimization events (20 events):
Event: 109.324 Thread 0x00000157ec4215b0 Uncommon trap: trap_request=0xffffffbe fr.pc=0x00000157d8cf3a70 relative=0x0000000000000430
Event: 109.324 Thread 0x00000157ec4215b0 Uncommon trap: reason=profile_predicate action=maybe_recompile pc=0x00000157d8cf3a70 method=org.hibernate.sql.results.graph.FetchList.containsCollectionFetches()Z @ 13 c2
Event: 109.324 Thread 0x00000157ec4215b0 DEOPT PACKING pc=0x00000157d8cf3a70 sp=0x0000003f0b8fac40
Event: 109.324 Thread 0x00000157ec4215b0 DEOPT UNPACKING pc=0x00000157d8119d22 sp=0x0000003f0b8fabc8 mode 2
Event: 109.328 Thread 0x00000157ec425570 Uncommon trap: trap_request=0xffffffbe fr.pc=0x00000157d8cf3a70 relative=0x0000000000000430
Event: 109.328 Thread 0x00000157ec425570 Uncommon trap: reason=profile_predicate action=maybe_recompile pc=0x00000157d8cf3a70 method=org.hibernate.sql.results.graph.FetchList.containsCollectionFetches()Z @ 13 c2
Event: 109.328 Thread 0x00000157ec425570 DEOPT PACKING pc=0x00000157d8cf3a70 sp=0x0000003f0b7faac0
Event: 109.328 Thread 0x00000157ec425570 DEOPT UNPACKING pc=0x00000157d8119d22 sp=0x0000003f0b7faa48 mode 2
Event: 109.336 Thread 0x00000157ec422af0 Uncommon trap: trap_request=0xffffffbe fr.pc=0x00000157d8cf3a70 relative=0x0000000000000430
Event: 109.336 Thread 0x00000157ec422af0 Uncommon trap: reason=profile_predicate action=maybe_recompile pc=0x00000157d8cf3a70 method=org.hibernate.sql.results.graph.FetchList.containsCollectionFetches()Z @ 13 c2
Event: 109.336 Thread 0x00000157ec422af0 DEOPT PACKING pc=0x00000157d8cf3a70 sp=0x0000003f0b6fabd0
Event: 109.336 Thread 0x00000157ec422af0 DEOPT UNPACKING pc=0x00000157d8119d22 sp=0x0000003f0b6fab58 mode 2
Event: 109.340 Thread 0x00000157e8cc9140 Uncommon trap: trap_request=0xffffffbe fr.pc=0x00000157d8cf3a70 relative=0x0000000000000430
Event: 109.340 Thread 0x00000157e8cc9140 Uncommon trap: reason=profile_predicate action=maybe_recompile pc=0x00000157d8cf3a70 method=org.hibernate.sql.results.graph.FetchList.containsCollectionFetches()Z @ 13 c2
Event: 109.340 Thread 0x00000157e8cc9140 DEOPT PACKING pc=0x00000157d8cf3a70 sp=0x0000003f0b3fadf0
Event: 109.340 Thread 0x00000157e8cc9140 DEOPT UNPACKING pc=0x00000157d8119d22 sp=0x0000003f0b3fad78 mode 2
Event: 109.661 Thread 0x00000157e8cb6e80 Uncommon trap: trap_request=0xffffffbe fr.pc=0x00000157d8ac464c relative=0x000000000000126c
Event: 109.661 Thread 0x00000157e8cb6e80 Uncommon trap: reason=profile_predicate action=maybe_recompile pc=0x00000157d8ac464c method=java.util.TreeMap.put(Ljava/lang/Object;Ljava/lang/Object;Z)Ljava/lang/Object; @ 27 c2
Event: 109.661 Thread 0x00000157e8cb6e80 DEOPT PACKING pc=0x00000157d8ac464c sp=0x0000003f0a8fe830
Event: 109.661 Thread 0x00000157e8cb6e80 DEOPT UNPACKING pc=0x00000157d8119d22 sp=0x0000003f0a8fe7f0 mode 2

Classes loaded (20 events):
Event: 49.541 Loading class java/util/regex/Pattern$Bound
Event: 49.541 Loading class java/util/regex/Pattern$Bound done
Event: 49.714 Loading class java/util/OptionalLong
Event: 49.714 Loading class java/util/OptionalLong done
Event: 49.715 Loading class java/util/OptionalDouble
Event: 49.715 Loading class java/util/OptionalDouble done
Event: 49.726 Loading class java/util/stream/LongStream
Event: 49.727 Loading class java/util/stream/LongStream done
Event: 49.727 Loading class java/util/stream/DoubleStream
Event: 49.727 Loading class java/util/stream/DoubleStream done
Event: 49.764 Loading class org/w3c/dom/Node
Event: 49.765 Loading class org/w3c/dom/Node done
Event: 49.765 Loading class org/w3c/dom/Document
Event: 49.765 Loading class org/w3c/dom/Document done
Event: 50.082 Loading class java/lang/foreign/MemorySegment
Event: 50.083 Loading class java/lang/foreign/MemorySegment done
Event: 69.495 Loading class java/util/concurrent/locks/ReentrantReadWriteLock$Sync$HoldCounter
Event: 69.498 Loading class java/util/concurrent/locks/ReentrantReadWriteLock$Sync$HoldCounter done
Event: 85.105 Loading class sun/util/locale/LocaleExtensions
Event: 85.114 Loading class sun/util/locale/LocaleExtensions done

Classes unloaded (0 events):
No events

Classes redefined (0 events):
No events

Internal exceptions (20 events):
Event: 12.869 Thread 0x00000157c8ad1bf0 Exception <a 'java/lang/IncompatibleClassChangeError'{0x00000000a3f534f0}: Found class java.lang.Object, but interface was expected> (0x00000000a3f534f0) 
thrown [s\open\src\hotspot\share\interpreter\linkResolver.cpp, line 840]
Event: 12.902 Thread 0x00000157c8ad1bf0 Exception <a 'java/lang/IncompatibleClassChangeError'{0x00000000a3d2c710}: Found class java.lang.Object, but interface was expected> (0x00000000a3d2c710) 
thrown [s\open\src\hotspot\share\interpreter\linkResolver.cpp, line 840]
Event: 13.098 Thread 0x00000157c8ad1bf0 Exception <a 'java/lang/IncompatibleClassChangeError'{0x00000000a4d85630}: Found class java.lang.Object, but interface was expected> (0x00000000a4d85630) 
thrown [s\open\src\hotspot\share\interpreter\linkResolver.cpp, line 840]
Event: 13.390 Thread 0x00000157c8ad1bf0 Exception <a 'java/lang/NoSuchMethodError'{0x00000000a43fae38}: 'java.lang.Object java.lang.invoke.DirectMethodHandle$Holder.newInvokeSpecial(java.lang.Object, java.lang.Object, java.lang.Object, java.lang.Object, java.lang.Object, java.lang.Object, java.lang.Object, java.lang.Object)'> (0x00000000a43fae38) 
thrown [s\open\src\hotspot\share\interpreter\linkResolver.cpp, line 773]
Event: 13.581 Thread 0x00000157c8ad1bf0 Exception <a 'java/lang/NoSuchMethodError'{0x00000000a3c77258}: 'void java.lang.invoke.DirectMethodHandle$Holder.invokeVirtual(java.lang.Object, java.lang.Object, long)'> (0x00000000a3c77258) 
thrown [s\open\src\hotspot\share\interpreter\linkResolver.cpp, line 773]
Event: 13.874 Thread 0x00000157c8ad1bf0 Exception <a 'java/lang/IncompatibleClassChangeError'{0x00000000a58d7c20}: Found class java.lang.Object, but interface was expected> (0x00000000a58d7c20) 
thrown [s\open\src\hotspot\share\interpreter\linkResolver.cpp, line 840]
Event: 13.955 Thread 0x00000157c8ad1bf0 Exception <a 'java/lang/NoSuchMethodError'{0x00000000a5648cb0}: 'int java.lang.invoke.DirectMethodHandle$Holder.invokeStaticInit(java.lang.Object, java.lang.Object, java.lang.Object, java.lang.Object)'> (0x00000000a5648cb0) 
thrown [s\open\src\hotspot\share\interpreter\linkResolver.cpp, line 773]
Event: 13.996 Thread 0x00000157c8ad1bf0 Implicit null exception at 0x00000157d87565cb to 0x00000157d8756804
Event: 14.066 Thread 0x00000157c8ad1bf0 Exception <a 'java/lang/NoSuchMethodError'{0x00000000a52747d8}: 'java.lang.Object java.lang.invoke.DirectMethodHandle$Holder.newInvokeSpecial(java.lang.Object, java.lang.Object, int, java.lang.Object, java.lang.Object)'> (0x00000000a52747d8) 
thrown [s\open\src\hotspot\share\interpreter\linkResolver.cpp, line 773]
Event: 14.067 Thread 0x00000157c8ad1bf0 Exception <a 'java/lang/NoSuchMethodError'{0x00000000a527f688}: 'java.lang.Object java.lang.invoke.DirectMethodHandle$Holder.invokeSpecial(java.lang.Object, java.lang.Object, int, java.lang.Object, int, java.lang.Object)'> (0x00000000a527f688) 
thrown [s\open\src\hotspot\share\interpreter\linkResolver.cpp, line 773]
Event: 14.067 Thread 0x00000157c8ad1bf0 Exception <a 'java/lang/NoSuchMethodError'{0x00000000a52871a8}: 'java.lang.Object java.lang.invoke.DirectMethodHandle$Holder.newInvokeSpecial(java.lang.Object, java.lang.Object, int, java.lang.Object, int)'> (0x00000000a52871a8) 
thrown [s\open\src\hotspot\share\interpreter\linkResolver.cpp, line 773]
Event: 14.068 Thread 0x00000157c8ad1bf0 Exception <a 'java/lang/NoSuchMethodError'{0x00000000a528b018}: 'java.lang.Object java.lang.invoke.DirectMethodHandle$Holder.invokeSpecial(java.lang.Object, java.lang.Object, java.lang.Object, int, java.lang.Object, int)'> (0x00000000a528b018) 
thrown [s\open\src\hotspot\share\interpreter\linkResolver.cpp, line 773]
Event: 48.883 Thread 0x00000157e8ccb120 Exception <a 'java/lang/NoSuchMethodError'{0x00000000a4e668c8}: 'java.lang.Object java.lang.invoke.DirectMethodHandle$Holder.invokeSpecial(java.lang.Object, java.lang.Object, java.lang.Object, java.lang.Object, java.lang.Object, long)'> (0x00000000a4e668c8) 
thrown [s\open\src\hotspot\share\interpreter\linkResolver.cpp, line 773]
Event: 48.884 Thread 0x00000157e8ccb120 Exception <a 'java/lang/NoSuchMethodError'{0x00000000a4e6a088}: 'java.lang.Object java.lang.invoke.Invokers$Holder.linkToTargetMethod(java.lang.Object, java.lang.Object, java.lang.Object, long, java.lang.Object)'> (0x00000000a4e6a088) 
thrown [s\open\src\hotspot\share\interpreter\linkResolver.cpp, line 773]
Event: 49.389 Thread 0x00000157e8ccb120 Exception <a 'java/lang/NoSuchMethodError'{0x00000000a4746578}: 'java.lang.Object java.lang.invoke.DirectMethodHandle$Holder.invokeInterface(java.lang.Object, java.lang.Object, java.lang.Object, java.lang.Object)'> (0x00000000a4746578) 
thrown [s\open\src\hotspot\share\interpreter\linkResolver.cpp, line 773]
Event: 49.606 Thread 0x00000157e8ccb120 Exception <a 'java/lang/NoSuchMethodError'{0x00000000a44cc400}: 'void java.lang.invoke.Invokers$Holder.invokeExact_MT(java.lang.Object, java.lang.Object, int, java.lang.Object)'> (0x00000000a44cc400) 
thrown [s\open\src\hotspot\share\interpreter\linkResolver.cpp, line 773]
Event: 80.707 Thread 0x00000157e8cc8bf0 Implicit null exception at 0x00000157d8b677d3 to 0x00000157d8b67cb4
Event: 80.708 Thread 0x00000157e8cc8bf0 Implicit null exception at 0x00000157d8b677d3 to 0x00000157d8b67cb4
Event: 80.715 Thread 0x00000157e8ccb120 Implicit null exception at 0x00000157d8b677d3 to 0x00000157d8b67cb4
Event: 80.716 Thread 0x00000157e8ccb120 Implicit null exception at 0x00000157d8b677d3 to 0x00000157d8b67cb4

VM Operations (20 events):
Event: 109.425 Executing VM operation: Cleanup
Event: 109.425 Executing VM operation: Cleanup done
Event: 110.430 Executing VM operation: Cleanup
Event: 110.431 Executing VM operation: Cleanup done
Event: 111.460 Executing VM operation: G1CollectForAllocation
Event: 111.466 Executing VM operation: G1CollectForAllocation done
Event: 112.477 Executing VM operation: Cleanup
Event: 112.477 Executing VM operation: Cleanup done
Event: 113.478 Executing VM operation: Cleanup
Event: 113.478 Executing VM operation: Cleanup done
Event: 114.478 Executing VM operation: Cleanup
Event: 114.478 Executing VM operation: Cleanup done
Event: 114.922 Executing VM operation: G1CollectForAllocation
Event: 114.927 Executing VM operation: G1CollectForAllocation done
Event: 115.030 Executing VM operation: G1PauseRemark
Event: 115.040 Executing VM operation: G1PauseRemark done
Event: 115.087 Executing VM operation: G1PauseCleanup
Event: 115.087 Executing VM operation: G1PauseCleanup done
Event: 116.098 Executing VM operation: Cleanup
Event: 116.098 Executing VM operation: Cleanup done

Events (20 events):
Event: 115.039 Thread 0x00000157e40929d0 flushing nmethod 0x00000157d1147910
Event: 115.039 Thread 0x00000157e40929d0 flushing nmethod 0x00000157d10c2490
Event: 115.039 Thread 0x00000157e40929d0 flushing nmethod 0x00000157d10be590
Event: 115.039 Thread 0x00000157e40929d0 flushing nmethod 0x00000157d1066e90
Event: 115.039 Thread 0x00000157e40929d0 flushing nmethod 0x00000157d101b590
Event: 115.039 Thread 0x00000157e40929d0 flushing nmethod 0x00000157d0ff7410
Event: 115.039 Thread 0x00000157e40929d0 flushing nmethod 0x00000157d0e69210
Event: 115.039 Thread 0x00000157e40929d0 flushing nmethod 0x00000157d0e62b10
Event: 115.039 Thread 0x00000157e40929d0 flushing nmethod 0x00000157d0e61410
Event: 115.039 Thread 0x00000157e40929d0 flushing nmethod 0x00000157d0e56d10
Event: 115.039 Thread 0x00000157e40929d0 flushing nmethod 0x00000157d0e52e10
Event: 115.039 Thread 0x00000157e40929d0 flushing nmethod 0x00000157d0e5d590
Event: 115.039 Thread 0x00000157e40929d0 flushing nmethod 0x00000157d0e52290
Event: 115.039 Thread 0x00000157e40929d0 flushing nmethod 0x00000157d0e5c910
Event: 115.039 Thread 0x00000157e40929d0 flushing nmethod 0x00000157d0e14b10
Event: 115.039 Thread 0x00000157e40929d0 flushing nmethod 0x00000157d0dc4590
Event: 115.039 Thread 0x00000157e40929d0 flushing nmethod 0x00000157d0d4d310
Event: 115.039 Thread 0x00000157e40929d0 flushing nmethod 0x00000157d8c49490
Event: 115.039 Thread 0x00000157e40929d0 flushing nmethod 0x00000157d0ba6690
Event: 115.039 Thread 0x00000157e40929d0 flushing nmethod 0x00000157d8c9ef10


Dynamic libraries:
0x00007ff76e5a0000 - 0x00007ff76e5b0000 	C:\Program Files (x86)\Java\jdk-20.0.1\bin\java.exe
0x00007ffe906d0000 - 0x00007ffe908c8000 	C:\Windows\SYSTEM32\ntdll.dll
0x00007ffe8fcb0000 - 0x00007ffe8fd6d000 	C:\Windows\System32\KERNEL32.DLL
0x00007ffe8e010000 - 0x00007ffe8e306000 	C:\Windows\System32\KERNELBASE.dll
0x00007ffe8e310000 - 0x00007ffe8e410000 	C:\Windows\System32\ucrtbase.dll
0x00007ffe89380000 - 0x00007ffe8939b000 	C:\Program Files (x86)\Java\jdk-20.0.1\bin\VCRUNTIME140.dll
0x00007ffe89360000 - 0x00007ffe89379000 	C:\Program Files (x86)\Java\jdk-20.0.1\bin\jli.dll
0x00007ffe8f3e0000 - 0x00007ffe8f493000 	C:\Windows\System32\ADVAPI32.dll
0x00007ffe8ffd0000 - 0x00007ffe9006e000 	C:\Windows\System32\msvcrt.dll
0x00007ffe8ff20000 - 0x00007ffe8ffbf000 	C:\Windows\System32\sechost.dll
0x00007ffe8e970000 - 0x00007ffe8ea96000 	C:\Windows\System32\RPCRT4.dll
0x00007ffe8e410000 - 0x00007ffe8e437000 	C:\Windows\System32\bcrypt.dll
0x00007ffe904f0000 - 0x00007ffe9068e000 	C:\Windows\System32\USER32.dll
0x00007ffe8de30000 - 0x00007ffe8de52000 	C:\Windows\System32\win32u.dll
0x00007ffe8eb80000 - 0x00007ffe8ebab000 	C:\Windows\System32\GDI32.dll
0x00007ffe8e5f0000 - 0x00007ffe8e707000 	C:\Windows\System32\gdi32full.dll
0x00007ffe8dd90000 - 0x00007ffe8de2d000 	C:\Windows\System32\msvcp_win.dll
0x00007ffe756d0000 - 0x00007ffe7596a000 	C:\Windows\WinSxS\amd64_microsoft.windows.common-controls_6595b64144ccf1df_6.0.19041.3636_none_60b6a03d71f818d5\COMCTL32.dll
0x00007ffe86bb0000 - 0x00007ffe86bba000 	C:\Windows\SYSTEM32\VERSION.dll
0x00007ffe8eaa0000 - 0x00007ffe8ead2000 	C:\Windows\System32\IMM32.DLL
0x00007ffe76900000 - 0x00007ffe7690c000 	C:\Program Files (x86)\Java\jdk-20.0.1\bin\vcruntime140_1.dll
0x00007ffe42ca0000 - 0x00007ffe42d2e000 	C:\Program Files (x86)\Java\jdk-20.0.1\bin\msvcp140.dll
0x00007ffe3a130000 - 0x00007ffe3adc7000 	C:\Program Files (x86)\Java\jdk-20.0.1\bin\server\jvm.dll
0x00007ffe77720000 - 0x00007ffe77729000 	C:\Windows\SYSTEM32\WSOCK32.dll
0x00007ffe8eae0000 - 0x00007ffe8eb4b000 	C:\Windows\System32\WS2_32.dll
0x00007ffe76c50000 - 0x00007ffe76c77000 	C:\Windows\SYSTEM32\WINMM.dll
0x00007ffe8bc40000 - 0x00007ffe8bc52000 	C:\Windows\SYSTEM32\kernel.appcore.dll
0x00007ffe6dd90000 - 0x00007ffe6dd9a000 	C:\Program Files (x86)\Java\jdk-20.0.1\bin\jimage.dll
0x00007ffe78700000 - 0x00007ffe788e4000 	C:\Windows\SYSTEM32\DBGHELP.DLL
0x00007ffe786c0000 - 0x00007ffe786f4000 	C:\Windows\SYSTEM32\dbgcore.DLL
0x00007ffe8e560000 - 0x00007ffe8e5e2000 	C:\Windows\System32\bcryptPrimitives.dll
0x00007ffe89100000 - 0x00007ffe8910e000 	C:\Program Files (x86)\Java\jdk-20.0.1\bin\instrument.dll
0x00007ffe42c70000 - 0x00007ffe42c96000 	C:\Program Files (x86)\Java\jdk-20.0.1\bin\java.dll
0x00007ffe42b90000 - 0x00007ffe42c67000 	C:\Program Files (x86)\Java\jdk-20.0.1\bin\jsvml.dll
0x00007ffe8ec90000 - 0x00007ffe8f3d5000 	C:\Windows\System32\SHELL32.dll
0x00007ffe8be40000 - 0x00007ffe8c5dc000 	C:\Windows\SYSTEM32\windows.storage.dll
0x00007ffe90190000 - 0x00007ffe904e4000 	C:\Windows\System32\combase.dll
0x00007ffe8d6f0000 - 0x00007ffe8d71e000 	C:\Windows\SYSTEM32\Wldp.dll
0x00007ffe8fb50000 - 0x00007ffe8fc1d000 	C:\Windows\System32\OLEAUT32.dll
0x00007ffe90070000 - 0x00007ffe9011d000 	C:\Windows\System32\SHCORE.dll
0x00007ffe8e910000 - 0x00007ffe8e965000 	C:\Windows\System32\shlwapi.dll
0x00007ffe8dcc0000 - 0x00007ffe8dce5000 	C:\Windows\SYSTEM32\profapi.dll
0x00007ffe3a0d0000 - 0x00007ffe3a0e8000 	C:\Program Files (x86)\Java\jdk-20.0.1\bin\zip.dll
0x00007ffe3a110000 - 0x00007ffe3a123000 	C:\Program Files (x86)\Java\jdk-20.0.1\bin\net.dll
0x00007ffe837c0000 - 0x00007ffe838ca000 	C:\Windows\SYSTEM32\WINHTTP.dll
0x00007ffe8d450000 - 0x00007ffe8d4ba000 	C:\Windows\system32\mswsock.dll
0x00007ffe3a0f0000 - 0x00007ffe3a106000 	C:\Program Files (x86)\Java\jdk-20.0.1\bin\nio.dll
0x00007ffe89090000 - 0x00007ffe890aa000 	C:\Program Files\JetBrains\IntelliJ IDEA Community Edition 2023.1.3\bin\breakgen64.dll
0x00007ffe65740000 - 0x00007ffe65747000 	C:\Program Files (x86)\Java\jdk-20.0.1\bin\extnet.dll
0x00007ffe8d650000 - 0x00007ffe8d668000 	C:\Windows\SYSTEM32\CRYPTSP.dll
0x00007ffe8cd80000 - 0x00007ffe8cdb4000 	C:\Windows\system32\rsaenh.dll
0x00007ffe8dc80000 - 0x00007ffe8dcae000 	C:\Windows\SYSTEM32\USERENV.dll
0x00007ffe8d640000 - 0x00007ffe8d64c000 	C:\Windows\SYSTEM32\CRYPTBASE.dll
0x00007ffe8d140000 - 0x00007ffe8d17b000 	C:\Windows\SYSTEM32\IPHLPAPI.DLL
0x00007ffe90180000 - 0x00007ffe90188000 	C:\Windows\System32\NSI.dll
0x00007ffe84c40000 - 0x00007ffe84c57000 	C:\Windows\SYSTEM32\dhcpcsvc6.DLL
0x00007ffe854c0000 - 0x00007ffe854dd000 	C:\Windows\SYSTEM32\dhcpcsvc.DLL
0x00007ffe8d180000 - 0x00007ffe8d24a000 	C:\Windows\SYSTEM32\DNSAPI.dll
0x00007ffe76790000 - 0x00007ffe7679e000 	C:\Program Files (x86)\Java\jdk-20.0.1\bin\sunmscapi.dll
0x00007ffe8deb0000 - 0x00007ffe8e00d000 	C:\Windows\System32\CRYPT32.dll
0x00007ffe8d760000 - 0x00007ffe8d788000 	C:\Windows\SYSTEM32\ncrypt.dll
0x00007ffe8d720000 - 0x00007ffe8d75b000 	C:\Windows\SYSTEM32\NTASN1.dll
0x00007ffe874f0000 - 0x00007ffe874fa000 	C:\Program Files (x86)\Java\jdk-20.0.1\bin\management.dll
0x00007ffe874e0000 - 0x00007ffe874eb000 	C:\Program Files (x86)\Java\jdk-20.0.1\bin\management_ext.dll
0x00007ffe8eb70000 - 0x00007ffe8eb78000 	C:\Windows\System32\PSAPI.DLL
0x00007ffe64710000 - 0x00007ffe64720000 	C:\Program Files (x86)\Java\jdk-20.0.1\bin\verify.dll
0x00007ffe7a7b0000 - 0x00007ffe7a7ba000 	C:\Windows\System32\rasadhlp.dll
0x00007ffe7ad30000 - 0x00007ffe7adb0000 	C:\Windows\System32\fwpuclnt.dll
0x00007ffe68500000 - 0x00007ffe68507000 	C:\Windows\system32\wshunix.dll

dbghelp: loaded successfully - version: 4.0.5 - missing functions: none
symbol engine: initialized successfully - sym options: 0x614 - pdb path: .;C:\Program Files (x86)\Java\jdk-20.0.1\bin;C:\Windows\SYSTEM32;C:\Windows\WinSxS\amd64_microsoft.windows.common-controls_6595b64144ccf1df_6.0.19041.3636_none_60b6a03d71f818d5;C:\Program Files (x86)\Java\jdk-20.0.1\bin\server;C:\Program Files\JetBrains\IntelliJ IDEA Community Edition 2023.1.3\bin

VM Arguments:
jvm_args: -javaagent:C:\Program Files\JetBrains\IntelliJ IDEA Community Edition 2023.1.3\lib\idea_rt.jar=56438:C:\Program Files\JetBrains\IntelliJ IDEA Community Edition 2023.1.3\bin -Dfile.encoding=UTF-8 -Dsun.stdout.encoding=UTF-8 -Dsun.stderr.encoding=UTF-8 
java_command: com.example.emloyeems.EmloyeemsApplication
java_class_path (initial): F:\Testing\Done\EMS\emloyeems\target\classes;C:\Users\Ajith\.m2\repository\org\springframework\boot\spring-boot-starter-web\3.1.1\spring-boot-starter-web-3.1.1.jar;C:\Users\Ajith\.m2\repository\org\springframework\boot\spring-boot-starter\3.1.1\spring-boot-starter-3.1.1.jar;C:\Users\Ajith\.m2\repository\org\springframework\boot\spring-boot\3.1.1\spring-boot-3.1.1.jar;C:\Users\Ajith\.m2\repository\org\springframework\boot\spring-boot-autoconfigure\3.1.1\spring-boot-autoconfigure-3.1.1.jar;C:\Users\Ajith\.m2\repository\org\springframework\boot\spring-boot-starter-logging\3.1.1\spring-boot-starter-logging-3.1.1.jar;C:\Users\Ajith\.m2\repository\ch\qos\logback\logback-classic\1.4.8\logback-classic-1.4.8.jar;C:\Users\Ajith\.m2\repository\ch\qos\logback\logback-core\1.4.8\logback-core-1.4.8.jar;C:\Users\Ajith\.m2\repository\org\apache\logging\log4j\log4j-to-slf4j\2.20.0\log4j-to-slf4j-2.20.0.jar;C:\Users\Ajith\.m2\repository\org\apache\logging\log4j\log4j-api\2.20.0\log4j-api-2.20.0.jar;C:\Users\Ajith\.m2\repository\org\slf4j\jul-to-slf4j\2.0.7\jul-to-slf4j-2.0.7.jar;C:\Users\Ajith\.m2\repository\jakarta\annotation\jakarta.annotation-api\2.1.1\jakarta.annotation-api-2.1.1.jar;C:\Users\Ajith\.m2\repository\org\yaml\snakeyaml\1.33\snakeyaml-1.33.jar;C:\Users\Ajith\.m2\repository\org\springframework\boot\spring-boot-starter-json\3.1.1\spring-boot-starter-json-3.1.1.jar;C:\Users\Ajith\.m2\repository\com\fasterxml\jackson\core\jackson-databind\2.15.2\jackson-databind-2.15.2.jar;C:\Users\Ajith\.m2\repository\com\fasterxml\jackson\core\jackson-annotations\2.15.2\jackson-annotations-2.15.2.jar;C:\Users\Ajith\.m2\repository\com\fasterxml\jackson\core\jackson-core\2.15.2\jackson-core-2.15.2.jar;C:\Users\Ajith\.m2\repository\com\fasterxml\jackson\datatype\jackson-datatype-jdk8\2.15.2\jackson-datatype-jdk8-2.15.2.jar;C:\Users\Ajith\.m2\repository\com\fasterxml\jackson\datatype\jackson-datatype-jsr310\2.15.2\jackson-datatype-jsr310-2.15.2.jar;C:\Users\Ajith\.m2\repository\com\fasterxml\jackson\module\jackson-module-parameter-names\2.15.2\jackson-module-parameter-names-2.15.2.jar;C:\Users\Ajith\.m2\repository\org\springframework\boot\spring-boot-starter-tomcat\3.1.1\spring-boot-starter-tomcat-3.1.1.jar;C:\Users\Ajith\.m2\repository\org\apache\tomcat\embed\tomcat-embed-core\10.1.10\tomcat-embed-core-10.1.10.jar;C:\Users\Ajith\.m2\repository\org\apache\tomcat\embed\tomcat-embed-el\10.1.10\tomcat-embed-el-10.1.10.jar;C:\Users\Ajith\.m2\repository\org\apache\tomcat\embed\tomcat-embed-websocket\10.1.10\tomcat-embed-websocket-10.1.10.jar;C:\Users\Ajith\.m2\repository\org\springframework\spring-web\6.0.10\spring-web-6.0.10.jar;C:\Users\Ajith\.m2\repository\org\springframework\spring-beans\6.0.10\spring-beans-6.0.10.jar;C:\Users\Ajith\.m2\repository\io\micrometer\micrometer-observation\1.11.1\micrometer-observation-1.11.1.jar;C:\Users\Ajith\.m2\repository\io\micrometer\micrometer-commons\1.11.1\micrometer-commons-1.11.1.jar;C:\Users\Ajith\.m2\repository\org\springframework\spring-webmvc\6.0.10\spring-webmvc-6.0.10.jar;C:\Users\Ajith\.m2\repository\org\springframework\spring-aop\6.0.10\spring-aop-6.0.10.jar;C:\Users\Ajith\.m2\repository\org\springframework\spring-context\6.0.10\spring-context-6.0.10.jar;C:\Users\Ajith\.m2\repository\org\springframework\spring-expression\6.0.10\spring-expression-6.0.10.jar;C:\Users\Ajith\.m2\repository\org\slf4j\slf4j-api\2.0.7\slf4j-api-2.0.7.jar;C:\Users\Ajith\.m2\repository\jakarta\xml\bind\jakarta.xml.bind-api\4.0.0\jakarta.xml.bind-api-4.0.0.jar;C:\Users\Ajith\.m2\repository\jakarta\activation\jakarta.activation-api\2.1.2\jakarta.activation-api-2.1.2.jar;C:\Users\Ajith\.m2\repository\net\bytebuddy\byte-buddy\1.14.5\byte-buddy-1.14.5.jar;C:\Users\Ajith\.m2\repository\org\springframework\spring-core\6.0.10\spring-core-6.0.10.jar;C:\Users\Ajith\.m2\repository\org\springframework\spring-jcl\6.0.10\spring-jcl-6.0.10.jar;C:\Users\Ajith\.m2\repository\org\springframework\boot\spring-boot-starter-data-jpa\3.1.1\spring-boot-starter-data-jpa-3.1.1.jar;C:\Users\Ajith\.m2\repository\org\springframework\boot\spring-boot-starter-aop\3.1.1\spring-boot-starter-aop-3.1.1.jar;C:\Users\Ajith\.m2\repository\org\aspectj\aspectjweaver\1.9.19\aspectjweaver-1.9.19.jar;C:\Users\Ajith\.m2\repository\org\springframework\boot\spring-boot-starter-jdbc\3.1.1\spring-boot-starter-jdbc-3.1.1.jar;C:\Users\Ajith\.m2\repository\com\zaxxer\HikariCP\5.0.1\HikariCP-5.0.1.jar;C:\Users\Ajith\.m2\repository\org\springframework\spring-jdbc\6.0.10\spring-jdbc-6.0.10.jar;C:\Users\Ajith\.m2\repository\org\hibernate\orm\hibernate-core\6.2.5.Final\hibernate-core-6.2.5.Final.jar;C:\Users\Ajith\.m2\repository\jakarta\persistence\jakarta.persistence-api\3.1.0\jakarta.persistence-api-3.1.0.jar;C:\Users\Ajith\.m2\repository\jakarta\transaction\jakarta.transaction-api\2.0.1\jakarta.transaction-api-2.0.1.jar;C:\Users\Ajith\.m2\repository\org\jboss\logging\jboss-logging\3.5.1.Final\jboss-logging-3.5.1.Final.jar;C:\Users\Ajith\.m2\repository\org\hibernate\common\hibernate-commons-annotations\6.0.6.Final\hibernate-commons-annotations-6.0.6.Final.jar;C:\Users\Ajith\.m2\repository\io\smallrye\jandex\3.0.5\jandex-3.0.5.jar;C:\Users\Ajith\.m2\repository\com\fasterxml\classmate\1.5.1\classmate-1.5.1.jar;C:\Users\Ajith\.m2\repository\org\glassfish\jaxb\jaxb-runtime\4.0.3\jaxb-runtime-4.0.3.jar;C:\Users\Ajith\.m2\repository\org\glassfish\jaxb\jaxb-core\4.0.3\jaxb-core-4.0.3.jar;C:\Users\Ajith\.m2\repository\org\eclipse\angus\angus-activation\2.0.1\angus-activation-2.0.1.jar;C:\Users\Ajith\.m2\repository\org\glassfish\jaxb\txw2\4.0.3\txw2-4.0.3.jar;C:\Users\Ajith\.m2\repository\com\sun\istack\istack-commons-runtime\4.1.2\istack-commons-runtime-4.1.2.jar;C:\Users\Ajith\.m2\repository\jakarta\inject\jakarta.inject-api\2.0.1\jakarta.inject-api-2.0.1.jar;C:\Users\Ajith\.m2\repository\org\antlr\antlr4-runtime\4.10.1\antlr4-runtime-4.10.1.jar;C:\Users\Ajith\.m2\repository\org\springframework\data\spring-data-jpa\3.1.1\spring-data-jpa-3.1.1.jar;C:\Users\Ajith\.m2\repository\org\springframework\data\spring-data-commons\3.1.1\spring-data-commons-3.1.1.jar;C:\Users\Ajith\.m2\repository\org\springframework\spring-orm\6.0.10\spring-orm-6.0.10.jar;C:\Users\Ajith\.m2\repository\org\springframework\spring-tx\6.0.10\spring-tx-6.0.10.jar;C:\Users\Ajith\.m2\repository\org\springframework\spring-aspects\6.0.10\spring-aspects-6.0.10.jar;C:\Users\Ajith\.m2\repository\com\mysql\mysql-connector-j\8.0.33\mysql-connector-j-8.0.33.jar;C:\Users\Ajith\.m2\repository\org\projectlombok\lombok\1.18.28\lombok-1.18.28.jar;C:\Users\Ajith\.m2\repository\org\modelmapper\modelmapper\3.1.0\modelmapper-3.1.0.jar
Launcher Type: SUN_STANDARD

[Global flags]
     intx CICompilerCount                          = 3                                         {product} {ergonomic}
     uint ConcGCThreads                            = 1                                         {product} {ergonomic}
     uint G1ConcRefinementThreads                  = 4                                         {product} {ergonomic}
   size_t G1HeapRegionSize                         = 1048576                                   {product} {ergonomic}
    uintx GCDrainStackTargetSize                   = 64                                        {product} {ergonomic}
   size_t InitialHeapSize                          = 100663296                                 {product} {ergonomic}
   size_t MarkStackSize                            = 4194304                                   {product} {ergonomic}
   size_t MaxHeapSize                              = 1579155456                                {product} {ergonomic}
   size_t MaxNewSize                               = 946864128                                 {product} {ergonomic}
   size_t MinHeapDeltaBytes                        = 1048576                                   {product} {ergonomic}
   size_t MinHeapSize                              = 8388608                                   {product} {ergonomic}
    uintx NonNMethodCodeHeapSize                   = 5832780                                {pd product} {ergonomic}
    uintx NonProfiledCodeHeapSize                  = 122912730                              {pd product} {ergonomic}
     bool PerfDisableSharedMem                     = true                                      {product} {ergonomic}
    uintx ProfiledCodeHeapSize                     = 122912730                              {pd product} {ergonomic}
    uintx ReservedCodeCacheSize                    = 251658240                              {pd product} {ergonomic}
     bool SegmentedCodeCache                       = true                                      {product} {ergonomic}
   size_t SoftMaxHeapSize                          = 1579155456                             {manageable} {ergonomic}
     bool UseCompressedClassPointers               = true                           {product lp64_product} {ergonomic}
     bool UseCompressedOops                        = true                           {product lp64_product} {ergonomic}
     bool UseG1GC                                  = true                                      {product} {ergonomic}
     bool UseLargePagesIndividualAllocation        = false                                  {pd product} {ergonomic}

Logging:
Log output configuration:
 #0: stdout all=warning uptime,level,tags foldmultilines=false
 #1: stderr all=off uptime,level,tags foldmultilines=false

Environment Variables:
JAVA_HOME=C:\Program Files (x86)\Java\jdk-20.0.1\bin
PATH=C:\Program Files (x86)\Common Files\Oracle\Java\javapath;C:\Windows\system32;C:\Windows;C:\Windows\System32\Wbem;C:\Windows\System32\WindowsPowerShell\v1.0\;C:\Windows\System32\OpenSSH\;C:\Program Files (x86)\Java\jdk1.8.0_201\bin;C:\Program Files\Microsoft VS Code\bin;C:\Program Files\nodejs\;C:\Program Files\Git\cmd;C:\Program Files\Microsoft SQL Server\150\Tools\Binn\;C:\Program Files\Microsoft SQL Server\Client SDK\ODBC\170\Tools\Binn\;C:\Program Files\dotnet\;C:\Program Files (x86)\Microsoft SQL Server\160\Tools\Binn\;C:\Program Files\Microsoft SQL Server\160\Tools\Binn\;C:\Program Files\Microsoft SQL Server\160\DTS\Binn\;C:\Program Files (x86)\Microsoft SQL Server\160\DTS\Binn\;C:\Program Files\MySQL\MySQL Shell 8.0\bin\;C:\Users\Ajith\AppData\Local\Microsoft\WindowsApps;C:\Users\Ajith\AppData\Roaming\npm;C:\Users\Ajith\.dotnet\tools;C:\Program Files\Azure Data Studio\bin
USERNAME=Ajith
OS=Windows_NT
PROCESSOR_IDENTIFIER=Intel64 Family 6 Model 142 Stepping 10, GenuineIntel
TMP=C:\Users\Ajith\AppData\Local\Temp
TEMP=C:\Users\Ajith\AppData\Local\Temp




---------------  S Y S T E M  ---------------

OS:
 Windows 10 , 64 bit Build 19041 (10.0.19041.3636)
OS uptime: 17 days 5:09 hours

CPU: total 4 (initial active 4) (2 cores per cpu, 2 threads per core) family 6 model 142 stepping 10 microcode 0xb4, cx8, cmov, fxsr, ht, mmx, 3dnowpref, sse, sse2, sse3, ssse3, sse4.1, sse4.2, popcnt, lzcnt, tsc, tscinvbit, avx, avx2, aes, erms, clmul, bmi1, bmi2, adx, fma, vzeroupper, clflush, clflushopt, rdtscp, f16c

Memory: 4k page, system-wide physical 6021M (301M free)
TotalPageFile size 21203M (AvailPageFile size 5M)
current process WorkingSet (physical memory assigned to process): 231M, peak: 266M
current process commit charge ("private bytes"): 282M, peak: 298M

vm_info: Java HotSpot(TM) 64-Bit Server VM (20.0.1+9-29) for windows-amd64 JRE (20.0.1+9-29), built on 2023-03-07T13:56:11Z by "mach5one" with MS VC++ 17.1 (VS2022)

END.
